<?xml version="1.0" encoding="UTF-8"?>
<!-- Generated by org.testng.reporters.JUnitXMLReporter -->
<testsuite ignored="2" hostname="Ajay" failures="0" tests="2" name="Test" time="3.479" errors="0" timestamp="2024-01-16T21:34:32 IST">
  <testcase classname="PageObjectModuleWithPageFactory.TestClass" name="loginTest" time="0.312"/>
  <testcase classname="PageObjectModuleWithPageFactory.TestClass" name="tearDown" time="0.135"/>
  <testcase classname="TestNG.Annotations" name="testMethod2" time="0.0">
    <ignored/>
  </testcase> <!-- testMethod2 -->
  <testcase classname="TestNG.Annotations" name="testMethod1" time="0.0">
    <ignored/>
  </testcase> <!-- testMethod1 -->
</testsuite> <!-- Test -->
