<?xml version="1.0" encoding="UTF-8"?>
<testng-results ignored="0" total="1" passed="1" failed="0" skipped="0">
  <reporter-output>
  </reporter-output>
  <suite started-at="2024-01-17T01:56:45 IST" name="Default suite" finished-at="2024-01-17T01:56:49 IST" duration-ms="4035">
    <groups>
    </groups>
    <test started-at="2024-01-17T01:56:45 IST" name="Default test" finished-at="2024-01-17T01:56:49 IST" duration-ms="4035">
      <class name="TestNG.ListenersDemo">
        <test-method signature="start()[pri:0, instance:TestNG.ListenersDemo@36a5cabc]" started-at="2024-01-17T01:56:45 IST" name="start" finished-at="2024-01-17T01:56:49 IST" duration-ms="3982" status="PASS">
          <reporter-output>
          </reporter-output>
        </test-method> <!-- start -->
      </class> <!-- TestNG.ListenersDemo -->
    </test> <!-- Default test -->
  </suite> <!-- Default suite -->
</testng-results>
